exec ${PAGER:-/usr/bin/less} "$0" || exit 1
Executing tests from //:q1
-----------------------------------------------------------------------------
[==========] Running 3 tests from 1 test suite.
[----------] Global test environment set-up.
[----------] 3 tests from Q1
[ RUN      ] Q1.task1
[       OK ] Q1.task1 (23 ms)
[ RUN      ] Q1.task2
[       OK ] Q1.task2 (852 ms)
[ RUN      ] Q1.task3
[       OK ] Q1.task3 (21 ms)
[----------] 3 tests from Q1 (897 ms total)

[----------] Global test environment tear-down
[==========] 3 tests from 1 test suite ran. (897 ms total)
[  PASSED  ] 3 tests.
exec ${PAGER:-/usr/bin/less} "$0" || exit 1
Executing tests from //:q2
-----------------------------------------------------------------------------
[==========] Running 3 tests from 1 test suite.
[----------] Global test environment set-up.
[----------] 3 tests from Q2
[ RUN      ] Q2.task1
[       OK ] Q2.task1 (23 ms)
[ RUN      ] Q2.task2
[       OK ] Q2.task2 (827 ms)
[ RUN      ] Q2.task3
[       OK ] Q2.task3 (17 ms)
[----------] 3 tests from Q2 (868 ms total)

[----------] Global test environment tear-down
[==========] 3 tests from 1 test suite ran. (868 ms total)
[  PASSED  ] 3 tests.
exec ${PAGER:-/usr/bin/less} "$0" || exit 1
Executing tests from //:q3
-----------------------------------------------------------------------------
[==========] Running 1 test from 1 test suite.
[----------] Global test environment set-up.
[----------] 1 test from Q3
[ RUN      ] Q3.task2
1 FIFO 891 ms	CLOCK 795 ms
2 FIFO 775 ms	CLOCK 813 ms
3 FIFO 795 ms	CLOCK 895 ms
4 FIFO 799 ms	CLOCK 799 ms
5 FIFO 767 ms	CLOCK 786 ms
6 FIFO 777 ms	CLOCK 778 ms
7 FIFO 784 ms	CLOCK 800 ms
8 FIFO 786 ms	CLOCK 793 ms
9 FIFO 784 ms	CLOCK 775 ms
10 FIFO 785 ms	CLOCK 798 ms
[       OK ] Q3.task2 (15988 ms)
[----------] 1 test from Q3 (15988 ms total)

[----------] Global test environment tear-down
[==========] 1 test from 1 test suite ran. (15988 ms total)
[  PASSED  ] 1 test.
exec ${PAGER:-/usr/bin/less} "$0" || exit 1
Executing tests from //:q4
-----------------------------------------------------------------------------
[==========] Running 1 test from 1 test suite.
[----------] Global test environment set-up.
[----------] 1 test from Q4
[ RUN      ] Q4.task4
Thread # 10	CLOCK 448 ms
Thread # 11	CLOCK 559 ms
Thread # 12	CLOCK 688 ms
Thread # 13	CLOCK 875 ms
Thread # 14	CLOCK 963 ms
Thread # 15	CLOCK 1037 ms
Thread # 16	CLOCK 1086 ms
Thread # 17	CLOCK 1367 ms
Thread # 18	CLOCK 1504 ms
Thread # 19	CLOCK 1553 ms
Thread # 20	CLOCK 1691 ms
[       OK ] Q4.task4 (11777 ms)
[----------] 1 test from Q4 (11777 ms total)

[----------] Global test environment tear-down
[==========] 1 test from 1 test suite ran. (11777 ms total)
[  PASSED  ] 1 test.
