exec ${PAGER:-/usr/bin/less} "$0" || exit 1
Executing tests from //:q1
-----------------------------------------------------------------------------
[==========] Running 3 tests from 1 test suite.
[----------] Global test environment set-up.
[----------] 3 tests from Q1
[ RUN      ] Q1.task1
[       OK ] Q1.task1 (69 ms)
[ RUN      ] Q1.task2
[       OK ] Q1.task2 (7314 ms)
[ RUN      ] Q1.task3
[       OK ] Q1.task3 (14783 ms)
[----------] 3 tests from Q1 (22167 ms total)

[----------] Global test environment tear-down
[==========] 3 tests from 1 test suite ran. (22168 ms total)
[  PASSED  ] 3 tests.
exec ${PAGER:-/usr/bin/less} "$0" || exit 1
Executing tests from //:q2
-----------------------------------------------------------------------------
[==========] Running 3 tests from 1 test suite.
[----------] Global test environment set-up.
[----------] 3 tests from Q2
[ RUN      ] Q2.task1
[       OK ] Q2.task1 (69 ms)
[ RUN      ] Q2.task2
[       OK ] Q2.task2 (7307 ms)
[ RUN      ] Q2.task3
[       OK ] Q2.task3 (11319 ms)
[----------] 3 tests from Q2 (18697 ms total)

[----------] Global test environment tear-down
[==========] 3 tests from 1 test suite ran. (18697 ms total)
[  PASSED  ] 3 tests.
exec ${PAGER:-/usr/bin/less} "$0" || exit 1
Executing tests from //:q3
-----------------------------------------------------------------------------
[==========] Running 1 test from 1 test suite.
[----------] Global test environment set-up.
[----------] 1 test from Q3
[ RUN      ] Q3.task2
1 FIFO 7393 ms	CLOCK 7318 ms
2 FIFO 7466 ms	CLOCK 6956 ms
3 FIFO 7648 ms	CLOCK 7420 ms
4 FIFO 7615 ms	CLOCK 7702 ms
5 FIFO 7001 ms	CLOCK 7474 ms
6 FIFO 7473 ms	CLOCK 7600 ms
7 FIFO 7481 ms	CLOCK 7442 ms
8 FIFO 6889 ms	CLOCK 7555 ms
9 FIFO 7562 ms	CLOCK 7550 ms
10 FIFO 7540 ms	CLOCK 7513 ms
[       OK ] Q3.task2 (148615 ms)
[----------] 1 test from Q3 (148615 ms total)

[----------] Global test environment tear-down
[==========] 1 test from 1 test suite ran. (148615 ms total)
[  PASSED  ] 1 test.
exec ${PAGER:-/usr/bin/less} "$0" || exit 1
Executing tests from //:q4
-----------------------------------------------------------------------------
[==========] Running 1 test from 1 test suite.
[----------] Global test environment set-up.
[----------] 1 test from Q4
[ RUN      ] Q4.task4
Allocation 10	CLOCK 443 ms
Allocation 11	CLOCK 424 ms
Allocation 12	CLOCK 414 ms
Allocation 13	CLOCK 461 ms
Allocation 14	CLOCK 473 ms
Allocation 15	CLOCK 493 ms
Allocation 16	CLOCK 490 ms
Allocation 17	CLOCK 510 ms
Allocation 18	CLOCK 472 ms
Allocation 19	CLOCK 469 ms
Allocation 20	CLOCK 479 ms
[       OK ] Q4.task4 (5132 ms)
[----------] 1 test from Q4 (5132 ms total)

[----------] Global test environment tear-down
[==========] 1 test from 1 test suite ran. (5133 ms total)
[  PASSED  ] 1 test.
